[debug] [2021-06-14T06:19:39.904Z] ----------------------------------------------------------------------
[debug] [2021-06-14T06:19:39.906Z] Command:       C:\Program Files\nodejs\node.exe C:\Users\audi_\AppData\Roaming\npm\node_modules\firebase-tools\lib\bin\firebase.js init hosting
[debug] [2021-06-14T06:19:39.906Z] CLI Version:   9.12.1
[debug] [2021-06-14T06:19:39.906Z] Platform:      win32
[debug] [2021-06-14T06:19:39.906Z] Node Version:  v12.16.1
[debug] [2021-06-14T06:19:39.907Z] Time:          Mon Jun 14 2021 13:19:39 GMT+0700 (GMT+07:00)
[debug] [2021-06-14T06:19:39.907Z] ----------------------------------------------------------------------
[debug] 
[debug] [2021-06-14T06:19:39.911Z] > command requires scopes: ["email","openid","https://www.googleapis.com/auth/cloudplatformprojects.readonly","https://www.googleapis.com/auth/firebase","https://www.googleapis.com/auth/cloud-platform"]
[debug] [2021-06-14T06:19:39.911Z] > authorizing via signed-in user (aauuddii@gmail.com)
[info] 
     ######## #### ########  ######## ########     ###     ######  ########
     ##        ##  ##     ## ##       ##     ##  ##   ##  ##       ##
     ######    ##  ########  ######   ########  #########  ######  ######
     ##        ##  ##    ##  ##       ##     ## ##     ##       ## ##
     ##       #### ##     ## ######## ########  ##     ##  ######  ########

You're about to initialize a Firebase project in this directory:

  H:\gitta\Deploy_2020-12-16

[info] 
=== Project Setup
[info] 
[info] First, let's associate this project directory with a Firebase project.
[info] You can create multiple project aliases by running firebase use --add, 
[info] but for now we'll just set up a default project.
[info] 
[debug] [2021-06-14T06:19:50.186Z] >>> [apiv2][query] GET https://firebase.googleapis.com/v1beta1/projects pageSize=100
[debug] [2021-06-14T06:19:50.659Z] <<< [apiv2][status] GET https://firebase.googleapis.com/v1beta1/projects 200
[debug] [2021-06-14T06:19:50.659Z] <<< [apiv2][body] GET https://firebase.googleapis.com/v1beta1/projects [omitted]
[info] i  Using project intel-evo (intel-evo) 
[info] 
=== Hosting Setup
[info] 
[info] Your public directory is the folder (relative to your project directory) that
[info] will contain Hosting assets to be uploaded with firebase deploy. If you
[info] have a build process for your assets, use your build's output directory.
[info] 
